<?xml version="1.0" encoding="UTF-8"?>
<!-- Generated by org.testng.reporters.JUnitReportReporter -->
<testsuite skipped="0" hostname="ramya" name="org.sample.cts.in.SampleBase" tests="1" failures="0" timestamp="25 May 2019 20:43:37 GMT" time="4.841" errors="0">
  <testcase name="test" time="4.841" classname="org.sample.cts.in.SampleBase"/>
</testsuite> <!-- org.sample.cts.in.SampleBase -->
